app/android/app/build/intermediates/manifest_merge_blame_file/release/manifest-merger-blame-release-report.txt
1<?xml version="1.0" encoding="utf-8"?>
2<manifest xmlns:android="http://schemas.android.com/apk/res/android"
3    package="com.meda.gebi"
4    android:versionCode="1"
5    android:versionName="1.0" >
6
7    <uses-sdk
8        android:minSdkVersion="21"
8-->src\main\AndroidManifest.xml
9        android:targetSdkVersion="31" />
9-->src\main\AndroidManifest.xml
10
11    <uses-permission android:name="android.permission.INTERNET" />
11-->src\main\AndroidManifest.xml:4:5-67
11-->src\main\AndroidManifest.xml:4:22-64
12    <uses-permission android:name="android.permission.WRITE_EXTERNAL_STORAGE" />
12-->src\main\AndroidManifest.xml:5:5-80
12-->src\main\AndroidManifest.xml:5:22-78
13    <uses-permission android:name="android.permission.READ_EXTERNAL_STORAGE" />
13-->src\main\AndroidManifest.xml:6:5-79
13-->src\main\AndroidManifest.xml:6:22-77
14    <uses-permission android:name="android.permission.CAMERA" />
14-->src\main\AndroidManifest.xml:7:5-64
14-->src\main\AndroidManifest.xml:7:22-62
15    <uses-permission android:name="android.permission.WAKE_LOCK" />
15-->[:react-native-firebase_auth] AndroidManifest.xml:10:5-68
15-->[:react-native-firebase_auth] AndroidManifest.xml:10:22-65
16    <uses-permission android:name="android.permission.ACCESS_NETWORK_STATE" />
16-->[:react-native-firebase_auth] AndroidManifest.xml:11:5-79
16-->[:react-native-firebase_auth] AndroidManifest.xml:11:22-76
17
18    <queries>
18-->[:react-native-image-crop-picker] AndroidManifest.xml:9:5-13:15
19        <intent>
19-->[:react-native-image-crop-picker] AndroidManifest.xml:10:9-12:18
20            <action android:name="android.media.action.IMAGE_CAPTURE" />
20-->[:react-native-image-crop-picker] AndroidManifest.xml:11:13-73
20-->[:react-native-image-crop-picker] AndroidManifest.xml:11:21-70
21        </intent>
22    </queries>
23
24    <application
24-->src\main\AndroidManifest.xml:9:5-28:19
25        android:name="com.meda.gebi.MainApplication"
25-->src\main\AndroidManifest.xml:10:7-38
26        android:allowBackup="false"
26-->src\main\AndroidManifest.xml:14:7-34
27        android:appComponentFactory="androidx.core.app.CoreComponentFactory"
27-->[androidx.core:core:1.6.0] AndroidManifest.xml:24:18-86
28        android:icon="@mipmap/ic_launcher"
28-->src\main\AndroidManifest.xml:12:7-41
29        android:label="@string/app_name"
29-->src\main\AndroidManifest.xml:11:7-39
30        android:roundIcon="@mipmap/ic_launcher_round"
30-->src\main\AndroidManifest.xml:13:7-52
31        android:theme="@style/AppTheme" >
31-->src\main\AndroidManifest.xml:15:7-38
32        <activity
32-->src\main\AndroidManifest.xml:16:7-27:18
33            android:name="com.meda.gebi.MainActivity"
33-->src\main\AndroidManifest.xml:17:9-37
34            android:configChanges="keyboard|keyboardHidden|orientation|screenLayout|screenSize|smallestScreenSize|uiMode"
34-->src\main\AndroidManifest.xml:19:9-118
35            android:exported="true"
35-->src\main\AndroidManifest.xml:22:9-32
36            android:label="@string/app_name"
36-->src\main\AndroidManifest.xml:18:9-41
37            android:launchMode="singleTask"
37-->src\main\AndroidManifest.xml:20:9-40
38            android:windowSoftInputMode="adjustResize" >
38-->src\main\AndroidManifest.xml:21:9-51
39            <intent-filter>
39-->src\main\AndroidManifest.xml:23:9-26:25
40                <action android:name="android.intent.action.MAIN" />
40-->src\main\AndroidManifest.xml:24:13-65
40-->src\main\AndroidManifest.xml:24:21-62
41
42                <category android:name="android.intent.category.LAUNCHER" />
42-->src\main\AndroidManifest.xml:25:13-73
42-->src\main\AndroidManifest.xml:25:23-70
43            </intent-filter>
44        </activity>
45
46        <meta-data
46-->[:react-native-firebase_app] AndroidManifest.xml:11:9-13:36
47            android:name="app_data_collection_default_enabled"
47-->[:react-native-firebase_app] AndroidManifest.xml:12:13-63
48            android:value="true" />
48-->[:react-native-firebase_app] AndroidManifest.xml:13:13-33
49
50        <service
50-->[:react-native-firebase_app] AndroidManifest.xml:15:9-23:19
51            android:name="com.google.firebase.components.ComponentDiscoveryService"
51-->[:react-native-firebase_app] AndroidManifest.xml:16:13-84
52            android:directBootAware="true"
52-->[:react-native-firebase_app] AndroidManifest.xml:17:13-43
53            android:exported="false" >
53-->[:react-native-firebase_app] AndroidManifest.xml:18:13-37
54            <meta-data
54-->[:react-native-firebase_app] AndroidManifest.xml:20:13-22:85
55                android:name="com.google.firebase.components:io.invertase.firebase.app.ReactNativeFirebaseAppRegistrar"
55-->[:react-native-firebase_app] AndroidManifest.xml:21:17-120
56                android:value="com.google.firebase.components.ComponentRegistrar" />
56-->[:react-native-firebase_app] AndroidManifest.xml:22:17-82
57            <meta-data
57-->[com.google.firebase:firebase-auth:21.0.6] AndroidManifest.xml:67:13-69:85
58                android:name="com.google.firebase.components:com.google.firebase.auth.FirebaseAuthRegistrar"
58-->[com.google.firebase:firebase-auth:21.0.6] AndroidManifest.xml:68:17-109
59                android:value="com.google.firebase.components.ComponentRegistrar" />
59-->[com.google.firebase:firebase-auth:21.0.6] AndroidManifest.xml:69:17-82
60            <meta-data
60-->[com.google.firebase:firebase-firestore:24.2.0] AndroidManifest.xml:20:13-22:85
61                android:name="com.google.firebase.components:com.google.firebase.firestore.FirestoreRegistrar"
61-->[com.google.firebase:firebase-firestore:24.2.0] AndroidManifest.xml:21:17-111
62                android:value="com.google.firebase.components.ComponentRegistrar" />
62-->[com.google.firebase:firebase-firestore:24.2.0] AndroidManifest.xml:22:17-82
63            <meta-data
63-->[com.google.firebase:firebase-storage:20.0.1] AndroidManifest.xml:33:13-35:85
64                android:name="com.google.firebase.components:com.google.firebase.storage.StorageRegistrar"
64-->[com.google.firebase:firebase-storage:20.0.1] AndroidManifest.xml:34:17-107
65                android:value="com.google.firebase.components.ComponentRegistrar" />
65-->[com.google.firebase:firebase-storage:20.0.1] AndroidManifest.xml:35:17-82
66        </service>
67
68        <provider
68-->[:react-native-firebase_app] AndroidManifest.xml:25:9-29:38
69            android:name="io.invertase.firebase.app.ReactNativeFirebaseAppInitProvider"
69-->[:react-native-firebase_app] AndroidManifest.xml:26:13-88
70            android:authorities="com.meda.gebi.reactnativefirebaseappinitprovider"
70-->[:react-native-firebase_app] AndroidManifest.xml:27:13-86
71            android:exported="false"
71-->[:react-native-firebase_app] AndroidManifest.xml:28:13-37
72            android:initOrder="99" />
72-->[:react-native-firebase_app] AndroidManifest.xml:29:13-35
73        <provider
73-->[:react-native-image-crop-picker] AndroidManifest.xml:18:9-26:20
74            android:name="com.reactnative.ivpusic.imagepicker.IvpusicImagePickerFileProvider"
74-->[:react-native-image-crop-picker] AndroidManifest.xml:19:13-94
75            android:authorities="com.meda.gebi.provider"
75-->[:react-native-image-crop-picker] AndroidManifest.xml:20:13-60
76            android:exported="false"
76-->[:react-native-image-crop-picker] AndroidManifest.xml:21:13-37
77            android:grantUriPermissions="true" >
77-->[:react-native-image-crop-picker] AndroidManifest.xml:22:13-47
78            <meta-data
78-->[:react-native-image-crop-picker] AndroidManifest.xml:23:13-25:78
79                android:name="android.support.FILE_PROVIDER_PATHS"
79-->[:react-native-image-crop-picker] AndroidManifest.xml:24:17-67
80                android:resource="@xml/ivpusic_imagepicker_provider_paths" />
80-->[:react-native-image-crop-picker] AndroidManifest.xml:25:17-75
81        </provider>
82
83        <activity
83-->[:react-native-image-crop-picker] AndroidManifest.xml:28:9-30:72
84            android:name="com.yalantis.ucrop.UCropActivity"
84-->[:react-native-image-crop-picker] AndroidManifest.xml:29:13-60
85            android:theme="@style/Theme.AppCompat.Light.NoActionBar" />
85-->[:react-native-image-crop-picker] AndroidManifest.xml:30:13-69
86
87        <provider
87-->[:react-native-share] AndroidManifest.xml:10:9-18:20
88            android:name="cl.json.RNShareFileProvider"
88-->[:react-native-share] AndroidManifest.xml:11:13-55
89            android:authorities="com.meda.gebi.rnshare.fileprovider"
89-->[:react-native-share] AndroidManifest.xml:12:13-72
90            android:exported="false"
90-->[:react-native-share] AndroidManifest.xml:13:13-37
91            android:grantUriPermissions="true" >
91-->[:react-native-share] AndroidManifest.xml:14:13-47
92            <meta-data
92-->[:react-native-image-crop-picker] AndroidManifest.xml:23:13-25:78
93                android:name="android.support.FILE_PROVIDER_PATHS"
93-->[:react-native-image-crop-picker] AndroidManifest.xml:24:17-67
94                android:resource="@xml/share_download_paths" />
94-->[:react-native-image-crop-picker] AndroidManifest.xml:25:17-75
95        </provider>
96        <provider
96-->[:react-native-webview] AndroidManifest.xml:10:9-18:20
97            android:name="com.reactnativecommunity.webview.RNCWebViewFileProvider"
97-->[:react-native-webview] AndroidManifest.xml:11:13-83
98            android:authorities="com.meda.gebi.fileprovider"
98-->[:react-native-webview] AndroidManifest.xml:12:13-64
99            android:exported="false"
99-->[:react-native-webview] AndroidManifest.xml:13:13-37
100            android:grantUriPermissions="true" >
100-->[:react-native-webview] AndroidManifest.xml:14:13-47
101            <meta-data
101-->[:react-native-image-crop-picker] AndroidManifest.xml:23:13-25:78
102                android:name="android.support.FILE_PROVIDER_PATHS"
102-->[:react-native-image-crop-picker] AndroidManifest.xml:24:17-67
103                android:resource="@xml/file_provider_paths" />
103-->[:react-native-image-crop-picker] AndroidManifest.xml:25:17-75
104        </provider>
105
106        <activity
106-->[com.google.firebase:firebase-auth:21.0.6] AndroidManifest.xml:27:9-44:20
107            android:name="com.google.firebase.auth.internal.GenericIdpActivity"
107-->[com.google.firebase:firebase-auth:21.0.6] AndroidManifest.xml:28:13-80
108            android:excludeFromRecents="true"
108-->[com.google.firebase:firebase-auth:21.0.6] AndroidManifest.xml:29:13-46
109            android:exported="true"
109-->[com.google.firebase:firebase-auth:21.0.6] AndroidManifest.xml:30:13-36
110            android:launchMode="singleTask"
110-->[com.google.firebase:firebase-auth:21.0.6] AndroidManifest.xml:31:13-44
111            android:theme="@android:style/Theme.Translucent.NoTitleBar" >
111-->[com.google.firebase:firebase-auth:21.0.6] AndroidManifest.xml:32:13-72
112            <intent-filter>
112-->[com.google.firebase:firebase-auth:21.0.6] AndroidManifest.xml:33:13-43:29
113                <action android:name="android.intent.action.VIEW" />
113-->[com.google.firebase:firebase-auth:21.0.6] AndroidManifest.xml:34:17-69
113-->[com.google.firebase:firebase-auth:21.0.6] AndroidManifest.xml:34:25-66
114
115                <category android:name="android.intent.category.DEFAULT" />
115-->[com.google.firebase:firebase-auth:21.0.6] AndroidManifest.xml:36:17-76
115-->[com.google.firebase:firebase-auth:21.0.6] AndroidManifest.xml:36:27-73
116                <category android:name="android.intent.category.BROWSABLE" />
116-->[com.google.firebase:firebase-auth:21.0.6] AndroidManifest.xml:37:17-78
116-->[com.google.firebase:firebase-auth:21.0.6] AndroidManifest.xml:37:27-75
117
118                <data
118-->[com.google.firebase:firebase-auth:21.0.6] AndroidManifest.xml:39:17-42:51
119                    android:host="firebase.auth"
119-->[com.google.firebase:firebase-auth:21.0.6] AndroidManifest.xml:40:21-49
120                    android:path="/"
120-->[com.google.firebase:firebase-auth:21.0.6] AndroidManifest.xml:41:21-37
121                    android:scheme="genericidp" />
121-->[com.google.firebase:firebase-auth:21.0.6] AndroidManifest.xml:42:21-48
122            </intent-filter>
123        </activity>
124        <activity
124-->[com.google.firebase:firebase-auth:21.0.6] AndroidManifest.xml:45:9-62:20
125            android:name="com.google.firebase.auth.internal.RecaptchaActivity"
125-->[com.google.firebase:firebase-auth:21.0.6] AndroidManifest.xml:46:13-79
126            android:excludeFromRecents="true"
126-->[com.google.firebase:firebase-auth:21.0.6] AndroidManifest.xml:47:13-46
127            android:exported="true"
127-->[com.google.firebase:firebase-auth:21.0.6] AndroidManifest.xml:48:13-36
128            android:launchMode="singleTask"
128-->[com.google.firebase:firebase-auth:21.0.6] AndroidManifest.xml:49:13-44
129            android:theme="@android:style/Theme.Translucent.NoTitleBar" >
129-->[com.google.firebase:firebase-auth:21.0.6] AndroidManifest.xml:50:13-72
130            <intent-filter>
130-->[com.google.firebase:firebase-auth:21.0.6] AndroidManifest.xml:51:13-61:29
131                <action android:name="android.intent.action.VIEW" />
131-->[com.google.firebase:firebase-auth:21.0.6] AndroidManifest.xml:34:17-69
131-->[com.google.firebase:firebase-auth:21.0.6] AndroidManifest.xml:34:25-66
132
133                <category android:name="android.intent.category.DEFAULT" />
133-->[com.google.firebase:firebase-auth:21.0.6] AndroidManifest.xml:36:17-76
133-->[com.google.firebase:firebase-auth:21.0.6] AndroidManifest.xml:36:27-73
134                <category android:name="android.intent.category.BROWSABLE" />
134-->[com.google.firebase:firebase-auth:21.0.6] AndroidManifest.xml:37:17-78
134-->[com.google.firebase:firebase-auth:21.0.6] AndroidManifest.xml:37:27-75
135
136                <data
136-->[com.google.firebase:firebase-auth:21.0.6] AndroidManifest.xml:39:17-42:51
137                    android:host="firebase.auth"
137-->[com.google.firebase:firebase-auth:21.0.6] AndroidManifest.xml:40:21-49
138                    android:path="/"
138-->[com.google.firebase:firebase-auth:21.0.6] AndroidManifest.xml:41:21-37
139                    android:scheme="recaptcha" />
139-->[com.google.firebase:firebase-auth:21.0.6] AndroidManifest.xml:42:21-48
140            </intent-filter>
141        </activity>
142
143        <provider
143-->[com.google.firebase:firebase-common:20.1.1] AndroidManifest.xml:26:9-31:39
144            android:name="com.google.firebase.provider.FirebaseInitProvider"
144-->[com.google.firebase:firebase-common:20.1.1] AndroidManifest.xml:27:13-77
145            android:authorities="com.meda.gebi.firebaseinitprovider"
145-->[com.google.firebase:firebase-common:20.1.1] AndroidManifest.xml:28:13-72
146            android:directBootAware="true"
146-->[com.google.firebase:firebase-common:20.1.1] AndroidManifest.xml:29:13-43
147            android:exported="false"
147-->[com.google.firebase:firebase-common:20.1.1] AndroidManifest.xml:30:13-37
148            android:initOrder="100" />
148-->[com.google.firebase:firebase-common:20.1.1] AndroidManifest.xml:31:13-36
149
150        <activity
150-->[com.google.android.gms:play-services-auth:20.2.0] AndroidManifest.xml:23:9-27:75
151            android:name="com.google.android.gms.auth.api.signin.internal.SignInHubActivity"
151-->[com.google.android.gms:play-services-auth:20.2.0] AndroidManifest.xml:24:13-93
152            android:excludeFromRecents="true"
152-->[com.google.android.gms:play-services-auth:20.2.0] AndroidManifest.xml:25:13-46
153            android:exported="false"
153-->[com.google.android.gms:play-services-auth:20.2.0] AndroidManifest.xml:26:13-37
154            android:theme="@android:style/Theme.Translucent.NoTitleBar" />
154-->[com.google.android.gms:play-services-auth:20.2.0] AndroidManifest.xml:27:13-72
155        <!--
156            Service handling Google Sign-In user revocation. For apps that do not integrate with
157            Google Sign-In, this service will never be started.
158        -->
159        <service
159-->[com.google.android.gms:play-services-auth:20.2.0] AndroidManifest.xml:33:9-37:51
160            android:name="com.google.android.gms.auth.api.signin.RevocationBoundService"
160-->[com.google.android.gms:play-services-auth:20.2.0] AndroidManifest.xml:34:13-89
161            android:exported="true"
161-->[com.google.android.gms:play-services-auth:20.2.0] AndroidManifest.xml:35:13-36
162            android:permission="com.google.android.gms.auth.api.signin.permission.REVOCATION_NOTIFICATION"
162-->[com.google.android.gms:play-services-auth:20.2.0] AndroidManifest.xml:36:13-107
163            android:visibleToInstantApps="true" />
163-->[com.google.android.gms:play-services-auth:20.2.0] AndroidManifest.xml:37:13-48
164
165        <activity
165-->[com.google.android.gms:play-services-base:18.0.1] AndroidManifest.xml:20:9-22:45
166            android:name="com.google.android.gms.common.api.GoogleApiActivity"
166-->[com.google.android.gms:play-services-base:18.0.1] AndroidManifest.xml:20:19-85
167            android:exported="false"
167-->[com.google.android.gms:play-services-base:18.0.1] AndroidManifest.xml:22:19-43
168            android:theme="@android:style/Theme.Translucent.NoTitleBar" />
168-->[com.google.android.gms:play-services-base:18.0.1] AndroidManifest.xml:21:19-78
169
170        <meta-data
170-->[com.google.android.gms:play-services-basement:18.0.0] AndroidManifest.xml:21:9-23:69
171            android:name="com.google.android.gms.version"
171-->[com.google.android.gms:play-services-basement:18.0.0] AndroidManifest.xml:22:13-58
172            android:value="@integer/google_play_services_version" />
172-->[com.google.android.gms:play-services-basement:18.0.0] AndroidManifest.xml:23:13-66
173    </application>
174
175</manifest>